INFO:root:__init__
INFO:root:setup
INFO:root:start
INFO:root:connected
INFO:root:subscribed to topic=usuario/actuator_pwm
INFO:root:send message: {"temperature": 24.0}
INFO:root:send message: {"temperature": 24.0}
INFO:root:send message: {"temperature": 24.0}
INFO:root:send message: {"temperature": 24.0}
INFO:root:send message: {"temperature": 24.0}
INFO:root:send message: {"temperature": 24.0}
INFO:root:send message: {"temperature": 24.0}
INFO:root:send message: {"temperature": 24.0}
INFO:root:send message: {"temperature": 24.0}
INFO:root:send message: {"temperature": 24.0}
INFO:root:send message: {"temperature": 24.0}
INFO:root:send message: {"temperature": 24.0}
INFO:root:send message: {"temperature": 24.0}
INFO:root:send message: {"temperature": 24.0}
INFO:root:send message: {"temperature": 24.0}
INFO:root:send message: {"temperature": 24.0}
INFO:root:send message: {"temperature": 24.0}
INFO:root:send message: {"temperature": 24.0}
INFO:root:send message: {"temperature": 24.0}
INFO:root:send message: {"temperature": 24.0}
INFO:root:send message: {"temperature": 24.0}
INFO:root:send message: {"temperature": 24.0}
INFO:root:send message: {"temperature": 24.0}
INFO:root:send message: {"temperature": 24.0}
INFO:root:send message: {"temperature": 24.0}
INFO:root:send message: {"temperature": 24.0}
INFO:root:send message: {"temperature": 24.0}
INFO:root:send message: {"temperature": 24.0}
INFO:root:send message: {"temperature": 24.0}
INFO:root:send message: {"temperature": 24.0}
INFO:root:send message: {"temperature": 24.0}
INFO:root:send message: {"temperature": 24.0}
INFO:root:send message: {"temperature": 24.0}
INFO:root:send message: {"temperature": 24.0}
INFO:root:send message: {"temperature": 24.0}
INFO:root:send message: {"temperature": 24.0}
INFO:root:send message: {"temperature": 24.0}
INFO:root:send message: {"temperature": 24.0}
INFO:root:send message: {"temperature": 24.0}
INFO:root:send message: {"temperature": 24.0}
INFO:root:send message: {"temperature": 24.0}
INFO:root:send message: {"temperature": 24.0}
INFO:root:send message: {"temperature": 24.0}
INFO:root:send message: {"temperature": 24.0}
INFO:root:send message: {"temperaERROR:root:signal_handler
ERROR:root:signal_handler
ERROR:root:signal_handler
ERROR:root:signal_handler
ERROR:root:signal_handler
ERROR:root:signal_handler
ERROR:root:signal_handler
ERROR:root:signal_handler
ERROR:root:signal_handler
ERROR:root:signal_handler
ERROR:root:signal_handler
ERROR:root:signal_handler
ERROR:root:signal_handler
ERROR:root:signal_handler
ERROR:root:signal_handler
ERROR:root:signal_handler
ERROR:root:signal_handler
ERROR:root:signal_handler
FO:root:send message: {"temperature": 24.0}
INFO:root:send message: {"temperature": 24.0}
INFO:root:send message: {"temperature": 24.0}
INFO:root:send message: {"temperature": 24.0}
INFO:root:send message: {"temperature": 24.0}
INFO:root:send message: {"temperature": 24.0}
INFO:root:send message: {"temperature": 24.0}
INFO:root:send message: {"temperature": 24.0}
INFO:root:send message: {"temperature": 24.0}
INFO:root:send message: {"temperature": 24.0}
INFO:root:send message: {"temperature": 24.0}
INFO:root:send message: {"temperature": 24.0}
INFO:root:send message: {"temperature": 24.0}
INFO:root:send message: {"temperature": 24.0}
INFO:root:send message: {"temperature": 24.0}
INFO:root:send message: {"temperature": 24.0}
INFO:root:send message: {"temperature": 24.0}
INFO:root:send message: {"temperature": 24.0}
INFO:root:send message: {"temperature": 24.0}
INFO:root:send message: {"temperature": 24.0}
INFO:root:send message: {"temperature": 24.0}
INFO:root:send message: {"temperature": 24.0}
INFO:root:send message: {"temperature": 24.0}
INFO:root:send message: {"temperature": 24.0}
INFO:root:send message: {"temperature": 24.0}
INFO:root:send message: {"temperature": 24.0}
INFO:root:send message: {"temperature": 24.0}
INFO:root:send message: {"temperature": 24.0}
INFO:root:send message: {"temperature": 24.0}
INFO:root:send message: {"temperature": 24.0}
INFO:root:send message: {"temperature": 24.0}
INFO:root:send message: {"temperature": 24.0}
INFO:root:send message: {"temperature": 24.0}
INFO:root:send message: {"temperature": 24.0}
INFO:root:send message: {"temperature": 24.0}
INFO:root:send message: {"temperature": 24.0}
INFO:root:send message: {"temperature": 24.0}
INFO:root:send message: {"temperature": 24.0}
INFO:root:send message: {"temperature": 24.0}
INFO:root:send message: {"temperature": 24.0}
INFO:root:send message: {"temperature": 24.0}
INFO:root:send message: {"temperature": 24.0}
INFO:root:send message: {"temperature": 24.0}
INFO:root:send message: {"temperature": 24.0}
INFO:root:send message: {"temperature": 24.0}
INFO:root:send message: {"temperature": 24.0}
INFO:root:send message: {"temperature": 24.0}
INFO:root:send message: {"temperature": 24.0}
INFO:root:send message: {"temperature": 24.0}
INFO:root:send message: {"temperature": 24.0}
INFO:root:send message: {"temperature": 24.0}
INFO:root:send message: {"temperature": 24.0}
INFO:root:send message: {"temperature": 24.0}
INFO:root:send message: {"temperature": 24.0}
INFO:root:send message: {"temperature": 24.0}
INFO:root:send message: {"temperature": 24.0}
INFO:root:send message: {"temperature": 24.0}
INFO:root:send message: {"temperature": 24.0}
INFO:root:send message: {"temperature": 24.0}
INFO:root:send message: {"temperature": 24.0}
INFO:root:send message: {"temperature": 24.0}
INFO:root:send message: {"temperature": 24.0}
INFO:root:send message: {"temperature": 24.0}
INFO:root:send message: {"temperature": 24.0}
INFO:root:send message: {"temperature": 24.0}
INFO:root:send message: {"temperature": 24.0}
INFO:root:send message: {"temperature": 24.0}
INFO:root:send message: {"temperature": 24.0}
INFO:root:send message: {"temperature": 24.0}
INFO:root:send message: {"temperature": 24.0}
INFO:root:send message: {"temperature": 24.0}
INFO:root:send message: {"temperature": 24.0}
INFO:root:send message: {"temperature": 24.0}
INFO:root:send message: {"temperature": 24.0}
INFO:root:send message: {"temperature": 24.0}
INFO:root:send message: {"temperature": 24.0}
INFO:root:send message: {"temperature": 24.0}
INFO:root:send message: {"temperature": 24.0}
INFO:root:send message: {"temperature": 24.0}
INFO:root:send message: {"temperature": 24.0}
INFO:root:send message: {"temperature": 24.0}
INFO:root:send message: {"temperature": 24.0}
INFO:root:send message: {"temperature": 24.0}
INFO:root:send message: {"temperature": 24.0}
INFO:root:send message: {"temperature": 24.0}
INFO:root:send message: {"temperature": 24.0}
INFO:root:send message: {"temperature": 24.0}
INFO:root:send message: {"temperature": 24.0}
INFO:root:send message: {"temperature": 24.0}
INFO:root:send message: {"temperature": 24.0}
INFO:root:send message: {"temperature": 24.0}
INFO:root:send message: {"temperature": 24.0}
INFO:root:send message: {"temperature": 24.0}
INFO:root:send message: {"temperature": 24.0}
INFO:root:send message: {"temperature": 24.0}
INFO:root:send message: {"temperature": 24.0}
INFO:root:send message: {"temperature": 24.0}
INFO:root:send message: {"temperature": 24.0}
INFO:root:send message: {"temperature": 24.0}
INFO:root:send message: {"temperature": 24.0}
INFO:root:send message: {"temperature": 24.0}
INFO:root:send message: {"temperature": 24.0}
INFO:root:send message: {"temperature": 24.0}
INFO:root:send message: {"temperature": 24.0}
INFO:root:send message: {"temperature": 24.0}
INFO:root:send message: {"temperature": 24.0}
INFO:root:send message: {"temperature": 24.0}
INFO:root:send message: {"temperature": 24.0}
INFO:root:send message: {"temperature": 24.0}
INFO:root:send message: {"temperature": 24.0}
INFO:root:send message: {"temperature": 24.0}
INFO:root:send message: {"temperature": 24.0}
INFO:root:send message: {"temperature": 24.0}
INFO:root:send message: {"temperature": 24.0}
INFO:root:send message: {"temperature": 24.0}
INFO:root:send message: {"temperature": 24.0}
INFO:root:send message: {"temperature": 24.0}
INFO:root:send message: {"temperature": 24.0}
INFO:root:send message: {"temperature": 24.0}
INFO:root:send message: {"temperature": 24.0}
INFO:root:send message: {"temperature": 24.0}
INFO:root:send message: {"temperature": 24.0}
INFO:root:send message: {"temperature": 24.0}
INFO:root:send message: {"temperature": 24.0}
INFO:root:send message: {"temperature": 24.0}
INFO:root:send message: {"temperature": 24.0}
INFO:root:send message: {"temperature": 24.0}
INFO:root:send message: {"temperature": 24.0}
INFO:root:send message: {"temperature": 24.0}
INFO:root:send message: {"temperature": 24.0}
INFO:root:send message: {"temperature": 24.0}
INFO:root:send message: {"temperature": 24.0}
INFO:root:send message: {"temperature": 24.0}
INFO:root:send message: {"temperature": 24.0}
INFO:root:send message: {"temperature": 24.0}
INFO:root:send message: {"temperature": 24.0}
INFO:root:send message: {"temperature": 24.0}
INFO:root:send message: {"temperature": 24.0}
INFO:root:send message: {"temperature": 24.0}
INFO:root:send message: {"temperature": 24.0}
INFO:root:send message: {"temperature": 24.0}
INFO:root:send message: {"temperature": 24.0}
INFO:root:send message: {"temperature": 24.0}
INFO:root:send message: {"temperature": 24.0}
INFO:root:send message: {"temperature": 24.0}
INFO:root:send message: {"temperature": 24.0}
INFO:root:send message: {"temperature": 24.0}
INFO:root:send message: {"temperature": 24.0}
INFO:root:send message: {"temperature": 24.0}
INFO:root:send message: {"temperature": 24.0}
INFO:root:send message: {"temperature": 24.0}
INFO:root:send message: {"temperature": 24.0}
INFO:root:send message: {"temperature": 24.0}
INFO:root:send message: {"temperature": 24.0}
INFO:root:send message: {"temperature": 24.0}
INFO:root:send message: {"temperature": 24.0}
INFO:root:send message: {"temperature": 24.0}
INFO:root:send message: {"temperature": 24.0}
INFO:root:send message: {"temperature": 24.0}
INFO:root:send message: {"temperature": 24.0}
INFO:root:send message: {"temperature": 24.0}
INFO:root:send message: {"temperature": 24.0}
INFO:root:send message: {"temperature": 24.0}
INFO:root:send message: {"temperature": 24.0}
INFO:root:send message: {"temperature": 24.0}
INFO:root:send message: {"temperature": 24.0}
INFO:root:send message: {"temperature": 24.0}
INFO:root:send message: {"temperature": 24.0}
INFO:root:send message: {"temperature": 24.0}
INFO:root:send message: {"temperature": 24.0}
INFO:root:send message: {"temperature": 24.0}
INFO:root:send message: {"temperature": 24.0}
INFO:root:send message: {"temperature": 24.0}
INFO:root:send message: {"temperature": 24.0}
INFO:root:send message: {"temperature": 24.0}
INFO:root:send message: {"temperature": 24.0}
INFO:root:send message: {"temperature": 24.0}
INFO:root:send message: {"temperature": 24.0}
INFO:root:send message: {"temperature": 24.0}
INFO:root:send message: {"temperature": 24.0}
INFO:root:send message: {"temperature": 24.0}
INFO:root:send message: {"temperature": 24.0}
INFO:root:send message: {"temperature": 24.0}
INFO:root:send message: {"temperature": 24.0}
INFO:root:send message: {"temperature": 24.0}
INFO:root:send message: {"temperature": 24.0}
INFO:root:send message: {"temperature": 24.0}
INFO:root:send message: {"temperature": 24.0}
INFO:root:send message: {"temperature": 24.0}
INFO:root:send message: {"temperature": 24.0}
INFO:root:send message: {"temperature": 24.0}
INFO:root:send message: {"temperature": 24.0}
INFO:root:send message: {"temperature": 24.0}
INFO:root:send message: {"temperature": 24.0}
INFO:root:send message: {"temperature": 24.0}
INFO:root:send message: {"temperature": 24.0}
INFO:root:send message: {"temperature": 24.0}
INFO:root:send message: {"temperature": 24.0}
INFO:root:send message: {"temperature": 24.0}
INFO:root:send message: {"temperature": 24.0}
INFO:root:send message: {"temperature": 24.0}
INFO:root:send message: {"temperature": 24.0}
INFO:root:send message: {"temperature": 24.0}
INFO:root:send message: {"temperature": 24.0}
INFO:root:send message: {"temperature": 24.0}
INFO:root:send message: {"temperature": 24.0}
INFO:root:send message: {"temperature": 24.0}
INFO:root:send message: {"temperature": 24.0}
INFO:root:send message: {"temperature": 24.0}
INFO:root:send message: {"temperature": 24.0}
INFO:root:send message: {"temperature": 24.0}
INFO:root:send message: {"temperature": 24.0}
INFO:root:send message: {"temperature": 24.0}
INFO:root:send message: {"temperature": 24.0}
INFO:root:send message: {"temperature": 24.0}
INFO:root:send message: {"temperature": 24.0}
INFO:root:send message: {"temperature": 24.0}
INFO:root:send message: {"temperature": 24.0}
INFO:root:send message: {"temperature": 24.0}
INFO:root:send message: {"temperature": 24.0}
INFO:root:send message: {"temperature": 24.0}
INFO:root:send message: {"temperature": 24.0}
INFO:root:send message: {"temperature": 24.0}
INFO:root:send message: {"temperature": 24.0}
INFO:root:send message: {"temperature": 24.0}
INFO:root:send message: {"temperature": 24.0}
INFO:root:send message: {"temperature": 24.0}
INFO:root:send message: {"temperature": 24.0}
INFO:root:send message: {"temperature": 24.0}
INFO:root:send message: {"temperature": 24.0}
INFO:root:send message: {"temperature": 24.0}
INFO:root:send message: {"temperature": 24.0}
INFO:root:send message: {"temperature": 24.0}
INFO:root:send message: {"temperature": 24.0}
INFO:root:send message: {"temperature": 24.0}
INFO:root:send message: {"temperature": 24.0}
INFO:root:send message: {"temperature": 24.0}
INFO:root:send message: {"temperature": 24.0}
INFO:root:send message: {"temperature": 24.0}
INFO:root:send message: {"temperature": 24.0}
INFO:root:send message: {"temperature": 24.0}
INFO:root:send message: {"temperature": 24.0}
INFO:root:send message: {"temperature": 24.0}
INFO:root:send message: {"temperature": 24.0}
INFO:root:send message: {"temperature": 24.0}
INFO:root:send message: {"temperature": 24.0}
INFO:root:send message: {"temperature": 24.0}
INFO:root:send message: {"temperature": 24.0}
INFO:root:send message: {"temperature": 24.0}
INFO:root:send message: {"temperature": 24.0}
INFO:root:send message: {"temperature": 24.0}
INFO:root:send message: {"temperature": 24.0}
INFO:root:send message: {"temperature": 24.0}
INFO:root:send message: {"temperature": 24.0}
INFO:root:send message: {"temperature": 24.0}
INFO:root:send message: {"temperature": 24.0}
INFO:root:send message: {"temperature": 24.0}
INFO:root:send message: {"temperature": 24.0}
INFO:root:send message: {"temperature": 24.0}
INFO:root:send message: {"temperature": 24.0}
INFO:root:send message: {"temperature": 24.0}
INFO:root:send message: {"temperature": 24.0}
INFO:root:send message: {"temperature": 24.0}
INFO:root:send message: {"temperature": 24.0}
INFO:root:send message: {"temperature": 24.0}
INFO:root:send message: {"temperature": 24.0}
INFO:root:send message: {"temperature": 24.0}
INFO:root:send message: {"temperature": 24.0}
INFO:root:send message: {"temperature": 24.0}
INFO:root:send message: {"temperature": 24.0}
INFO:root:send message: {"temperature": 24.0}
INFO:root:send message: {"temperature": 24.0}
INFO:root:send message: {"temperature": 24.0}
INFO:root:send message: {"temperature": 24.0}
INFO:root:send message: {"temperature": 24.0}
INFO:root:send message: {"temperature": 24.0}
INFO:root:send message: {"temperature": 24.0}
INFO:root:send message: {"temperature": 24.0}
INFO:root:send message: {"temperature": 24.0}
INFO:root:send message: {"temperature": 24.0}
INFO:root:send message: {"temperature": 24.0}
INFO:root:send message: {"temperature": 24.0}
INFO:root:send message: {"temperature": 24.0}
INFO:root:send message: {"temperature": 24.0}
INFO:root:send message: {"temperature": 24.0}
INFO:root:send message: {"temperature": 24.0}
INFO:root:send message: {"temperature": 24.0}
INFO:root:send message: {"temperature": 24.0}
INFO:root:send message: {"temperature": 24.0}
INFO:root:send message: {"temperature": 24.0}
INFO:root:send message: {"temperature": 24.0}
INFO:root:send message: {"temperature": 24.0}
INFO:root:send message: {"temperature": 24.0}
INFO:root:send message: {"temperature": 24.0}
INFO:root:send message: {"temperature": 24.0}
INFO:root:send message: {"temperature": 24.0}
INFO:root:send message: {"temperature": 24.0}
INFO:root:send message: {"temperature": 24.0}
INFO:root:send message: {"temperature": 24.0}
INFO:root:send message: {"temperature": 24.0}
INFO:root:send message: {"temperature": 24.0}
INFO:root:send message: {"temperature": 24.0}
INFO:root:send message: {"temperature": 24.0}
INFO:root:send message: {"temperature": 24.0}
INFO:root:send message: {"temperature": 24.0}
INFO:root:send message: {"temperature": 24.0}
INFO:root:send message: {"temperature": 24.0}
INFO:root:send message: {"temperature": 24.0}
INFO:root:send message: {"temperature": 24.0}
INFO:root:send message: {"temperature": 24.0}
INFO:root:send message: {"temperature": 24.0}
INFO:root:send message: {"temperature": 24.0}
INFO:root:send message: {"temperature": 24.0}
INFO:root:send message: {"temperature": 24.0}
INFO:root:send message: {"temperature": 24.0}
INFO:root:send message: {"temperature": 24.0}
INFO:root:send message: {"temperature": 24.0}
INFO:root:send message: {"temperature": 24.0}
INFO:root:send message: {"temperature": 24.0}
INFO:root:send message: {"temperature": 24.0}
INFO:root:send message: {"temperature": 24.0}
INFO:root:send message: {"temperature": 24.0}
INFO:root:send message: {"temperature": 24.0}
INFO:root:send message: {"temperature": 24.0}
INFO:root:send message: {"temperature": 24.0}
INFO:root:send message: {"temperature": 24.0}
INFO:root:send message: {"temperature": 24.0}
INFO:root:send message: {"temperature": 24.0}
INFO:root:send message: {"temperature": 24.0}
INFO:root:send message: {"temperature": 24.0}
INFO:root:send message: {"temperature": 24.0}
INFO:root:send message: {"temperature": 24.0}
INFO:root:send message: {"temperature": 24.0}
INFO:root:send message: {"temperature": 24.0}
INFO:root:send message: {"temperature": 24.0}
INFO:root:send message: {"temperature": 24.0}
INFO:root:send message: {"temperature": 24.0}
INFO:root:send message: {"temperature": 24.0}
INFO:root:send message: {"temperature": 24.0}
INFO:root:send message: {"temperature": 24.0}
INFO:root:send message: {"temperature": 24.0}
INFO:root:send message: {"temperature": 24.0}
INFO:root:send message: {"temperature": 24.0}
INFO:root:send message: {"temperature": 24.0}
INFO:root:send message: {"temperature": 24.0}
INFO:root:send message: {"temperature": 24.0}
INFO:root:send message: {"temperature": 24.0}
INFO:root:send message: {"temperature": 24.0}
INFO:root:send message: {"temperature": 24.0}
INFO:root:send message: {"temperature": 24.0}
INFO:root:send message: {"temperature": 24.0}
INFO:root:send message: {"temperature": 24.0}
INFO:root:send message: {"temperature": 24.0}
INFO:root:send message: {"temperature": 24.0}
INFO:root:send message: {"temperature": 24.0}
INFO:root:send message: {"temperature": 24.0}
INFO:root:send message: {"temperature": 24.0}
INFO:root:send message: {"temperature": 24.0}
INFO:root:send message: {"temperature": 24.0}
INFO:root:send message: {"temperature": 24.0}
INFO:root:send message: {"temperature": 24.0}
INFO:root:send message: {"temperature": 24.0}
INFO:root:send message: {"temperature": 24.0}
INFO:root:send message: {"temperature": 24.0}
INFO:root:send message: {"temperature": 24.0}
INFO:root:send message: {"temperature": 24.0}
INFO:root:send message: {"temperature": 24.0}
INFO:root:send message: {"temperature": 24.0}
INFO:root:send message: {"temperature": 24.0}
INFO:root:send message: {"temperature": 24.0}
INFO:root:send message: {"temperature": 24.0}
INFO:root:send message: {"temperature": 24.0}
INFO:root:send message: {"temperature": 24.0}
INFO:root:send message: {"temperature": 24.0}
INFO:root:send message: {"temperature": 24.0}
INFO:root:send message: {"temperature": 24.0}
INFO:root:send message: {"temperature": 24.0}
INFO:root:send message: {"temperature": 24.0}
INFO:root:send message: {"temperature": 24.0}
INFO:root:send message: {"temperature": 24.0}
INFO:root:send message: {"temperature": 24.0}
INFO:root:send message: {"temperature": 24.0}
INFO:root:send message: {"temperature": 24.0}
INFO:root:send message: {"temperature": 24.0}
INFO:root:send message: {"temperature": 24.0}
INFO:root:send message: {"temperature": 24.0}
INFO:root:send message: {"temperature": 24.0}
INFO:root:send message: {"temperature": 24.0}
INFO:root:send message: {"temperature": 24.0}
INFO:root:send message: {"temperature": 24.0}
INFO:root:send message: {"temperature": 24.0}
INFO:root:send message: {"temperature": 24.0}
INFO:root:send message: {"temperature": 24.0}
INFO:root:send message: {"temperature": 24.0}
INFO:root:send message: {"temperature": 24.0}
INFO:root:send message: {"temperature": 24.0}
INFO:root:send message: {"temperature": 24.0}
INFO:root:send message: {"temperature": 24.0}
INFO:root:send message: {"temperature": 24.0}
INFO:root:send message: {"temperature": 24.0}
INFO:root:send message: {"temperature": 24.0}
INFO:root:send message: {"temperature": 24.0}
INFO:root:send message: {"temperature": 24.0}
INFO:root:send message: {"temperature": 24.0}
INFO:root:send message: {"temperature": 24.0}
INFO:root:send message: {"temperature": 24.0}
INFO:root:send message: {"temperature": 24.0}
INFO:root:send message: {"temperature": 24.0}
INFO:root:send message: {"temperature": 24.0}
INFO:root:send message: {"temperature": 24.0}
INFO:root:send message: {"temperature": 24.0}
INFO:root:send message: {"temperature": 24.0}
INFO:root:send message: {"temperature": 24.0}
INFO:root:send message: {"temperature": 24.0}
INFO:root:send message: {"temperature": 24.0}
INFO:root:send message: {"temperature": 24.0}
INFO:root:send message: {"temperature": 24.0}
INFO:root:send message: {"temperature": 24.0}
INFO:root:send message: {"temperature": 24.0}
INFO:root:send message: {"temperature": 24.0}
INFO:root:send message: {"temperature": 24.0}
INFO:root:send message: {"temperature": 24.0}
INFO:root:send message: {"temperature": 24.0}
INFO:root:send message: {"temperature": 24.0}
INFO:root:send message: {"temperature": 24.0}
INFO:root:send message: {"temperature": 24.0}
INFO:root:send message: {"temperature": 24.0}
INFO:root:send message: {"temperature": 24.0}
INFO:root:send message: {"temperature": 24.0}
INFO:root:send message: {"temperature": 24.0}
INFO:root:send message: {"temperature": 24.0}
INFO:root:send message: {"temperature": 24.0}
INFO:root:send message: {"temperature": 24.0}
INFO:root:send message: {"temperature": 24.0}
INFO:root:send message: {"temperature": 24.0}
INFO:root:send message: {"temperature": 24.0}
INFO:root:send message: {"temperature": 24.0}
INFO:root:send message: {"temperature": 24.0}
INFO:root:send message: {"temperature": 24.0}
INFO:root:send message: {"temperature": 24.0}
INFO:root:send message: {"temperature": 24.0}
INFO:root:send message: {"temperature": 24.0}
INFO:root:send message: {"temperature": 24.0}
INFO:root:send message: {"temperature": 24.0}
INFO:root:send message: {"temperature": 24.0}
INFO:root:send message: {"temperature": 24.0}
INFO:root:send message: {"temperature": 24.0}
INFO:root:send message: {"temperature": 24.0}
INFO:root:send message: {"temperature": 24.0}
INFO:root:send message: {"temperature": 24.0}
INFO:root:send message: {"temperature": 24.0}
INFO:root:send message: {"temperature": 24.0}
INFO:root:send message: {"temperature": 24.0}
INFO:root:send message: {"temperature": 24.0}
INFO:root:send message: {"temperature": 24.0}
INFO:root:send message: {"temperature": 24.0}
INFO:root:send message: {"temperature": 24.0}
INFO:root:send message: {"temperature": 24.0}
INFO:root:send message: {"temperature": 24.0}
INFO:root:send message: {"temperature": 24.0}
INFO:root:send message: {"temperature": 24.0}
INFO:root:send message: {"temperature": 24.0}
INFO:root:send message: {"temperature": 24.0}
INFO:root:send message: {"temperature": 24.0}
INFO:root:send message: {"temperature": 24.0}
INFO:root:send message: {"temperature": 24.0}
INFO:root:send message: {"temperature": 24.0}
INFO:root:send message: {"temperature": 24.0}
INFO:root:send message: {"temperature": 24.0}
INFO:root:send message: {"temperature": 24.0}
INFO:root:send message: {"temperature": 24.0}
INFO:root:send message: {"temperature": 24.0}
INFO:root:send message: {"temperature": 24.0}
INFO:root:send message: {"temperature": 24.0}
INFO:root:send message: {"temperature": 24.0}
INFO:root:send message: {"temperature": 24.0}
INFO:root:send message: {"temperature": 24.0}
INFO:root:send message: {"temperature": 24.0}
INFO:root:send message: {"temperature": 24.0}
INFO:root:send message: {"temperature": 24.0}
INFO:root:send message: {"temperature": 24.0}
INFO:root:send message: {"temperature": 24.0}
INFO:root:send message: {"temperature": 24.0}
INFO:root:send message: {"temperature": 24.0}
INFO:root:send message: {"temperature": 24.0}
INFO:root:send message: {"temperature": 24.0}
INFO:root:send message: {"temperature": 24.0}
INFO:root:send message: {"temperature": 24.0}
INFO:root:send message: {"temperature": 24.0}
INFO:root:send message: {"temperature": 24.0}
INFO:root:send message: {"temperature": 24.0}
INFO:root:send message: {"temperature": 24.0}
INFO:root:send message: {"temperature": 24.0}
INFO:root:send message: {"temperature": 24.0}
INFO:root:send message: {"temperature": 24.0}
INFO:root:send message: {"temperature": 24.0}
INFO:root:send message: {"temperature": 24.0}
INFO:root:send message: {"temperature": 24.0}
INFO:root:send message: {"temperature": 24.0}
INFO:root:send message: {"temperature": 24.0}
INFO:root:send message: {"temperature": 24.0}
INFO:root:send message: {"temperature": 24.0}
INFO:root:send message: {"temperature": 24.0}
INFO:root:send message: {"temperature": 24.0}
INFO:root:send message: {"temperature": 24.0}
INFO:root:send message: {"temperature": 24.0}
INFO:root:send message: {"temperature": 24.0}
INFO:root:send message: {"temperature": 24.0}
INFO:root:send message: {"temperature": 24.0}
INFO:root:send message: {"temperature": 24.0}
INFO:root:send message: {"temperature": 24.0}
INFO:root:send message: {"temperature": 24.0}
INFO:root:send message: {"temperature": 24.0}
INFO:root:send message: {"temperature": 24.0}
INFO:root:send message: {"temperature": 24.0}
INFO:root:send message: {"temperature": 24.0}
INFO:root:send message: {"temperature": 24.0}
INFO:root:send message: {"temperature": 24.0}
INFO:root:send message: {"temperature": 24.0}
INFO:root:send message: {"temperature": 24.0}
INFO:root:send message: {"temperature": 24.0}
INFO:root:send message: {"temperature": 24.0}
INFO:root:send message: {"temperature": 24.0}
INFO:root:send message: {"temperature": 24.0}
INFO:root:send message: {"temperature": 24.0}
INFO:root:send message: {"temperature": 24.0}
INFO:root:send message: {"temperature": 24.0}
INFO:root:send message: {"temperature": 24.0}
INFO:root:send message: {"temperature": 24.0}
INFO:root:send message: {"temperature": 24.0}
INFO:root:send message: {"temperature": 24.0}
INFO:root:send message: {"temperature": 24.0}
INFO:root:send message: {"temperature": 24.0}
INFO:root:send message: {"temperature": 24.0}
INFO:root:send message: {"temperature": 24.0}
INFO:root:send message: {"temperature": 24.0}
INFO:root:send message: {"temperature": 24.0}
INFO:root:send message: {"temperature": 24.0}
INFO:root:send message: {"temperature": 24.0}
INFO:root:send message: {"temperature": 24.0}
INFO:root:send message: {"temperature": 24.0}
INFO:root:send message: {"temperature": 24.0}
INFO:root:send message: {"temperature": 24.0}
INFO:root:send message: {"temperature": 24.0}
INFO:root:send message: {"temperature": 24.0}
INFO:root:send message: {"temperature": 24.0}
INFO:root:send message: {"temperature": 24.0}
INFO:root:send message: {"temperature": 24.0}
INFO:root:send message: {"temperature": 24.0}
INFO:root:send message: {"temperature": 24.0}
INFO:root:send message: {"temperature": 24.0}
INFO:root:send message: {"temperature": 24.0}
INFO:root:send message: {"temperature": 24.0}
INFO:root:send message: {"temperature": 24.10308218866904}
INFO:root:send message: {"temperature": 24.20601707515445}
INFO:root:send message: {"temperature": 24.308804869947803}
INFO:root:send message: {"temperature": 24.41144578323991}
INFO:root:send message: {"temperature": 24.513940024921204}
INFO:root:send message: {"temperature": 24.6162878045822}
INFO:root:send message: {"temperature": 24.718489331513894}
INFO:root:send message: {"temperature": 24.820544814708246}
INFO:root:send message: {"temperature": 24.922454462858536}
INFO:root:send message: {"temperature": 25.024218484359842}
INFO:root:send message: {"temperature": 25.125837087309442}
INFO:root:send message: {"temperature": 25.227310479507253}
INFO:root:send message: {"temperature": 25.32863886845626}
INFO:root:send message: {"temperature": 25.429822461362914}
INFO:root:send message: {"temperature": 25.530861465137576}
INFO:root:send message: {"temperature": 25.63175608639495}
INFO:root:send message: {"temperature": 25.732506531454476}
INFO:root:send message: {"temperature": 25.833113006340774}
INFO:root:send message: {"temperature": 25.933575716784055}
INFO:root:send message: {"temperature": 26.03389486822056}
INFO:root:send message: {"temperature": 26.134070665792954}
INFO:root:send message: {"temperature": 26.234103314350754}
INFO:root:send message: {"temperature": 26.33399301845077}
INFO:root:send message: {"temperature": 26.43373998235748}
INFO:root:send message: {"temperature": 26.53334441004349}
INFO:root:send message: {"temperature": 26.632806505189926}
INFO:root:send message: {"temperature": 26.73212647118687}
INFO:root:send message: {"temperature": 26.831304511133748}
INFO:root:send message: {"temperature": 26.93034082783977}
INFO:root:send message: {"temperature": 27.029235623824338}
INFO:root:send message: {"temperature": 27.127989101317446}
INFO:root:send message: {"temperature": 27.226601462260124}
INFO:root:send message: {"temperature": 27.325072908304815}
INFO:root:send message: {"temperature": 27.423403640815817}
INFO:root:send message: {"temperature": 27.52159386086967}
INFO:root:send message: {"temperature": 27.61964376925561}
INFO:root:send message: {"temperature": 27.717553566475907}
INFO:root:send message: {"temperature": 27.815323452746355}
INFO:root:send message: {"temperature": 27.91295362799663}
INFO:root:send message: {"temperature": 28.010444291870694}
INFO:root:send message: {"temperature": 28.10779564372725}
INFO:root:send message: {"temperature": 28.205007882640118}
INFO:root:send message: {"temperature": 28.302081207398633}
INFO:root:send message: {"temperature": 28.399015816508072}
INFO:root:send message: {"temperature": 28.495811908190046}
INFO:root:send message: {"temperature": 28.59246968038292}
INFO:root:send message: {"temperature": 28.68898933074221}
INFO:root:send message: {"temperature": 28.785371056640976}
INFO:root:send message: {"temperature": 28.881615055170244}
INFO:root:send message: {"temperature": 28.977721523139405}
INFO:root:send message: {"temperature": 29.073690657076604}
INFO:root:send message: {"temperature": 29.169522653229162}
INFO:root:send message: {"temperature": 29.265217707563956}
INFO:root:send message: {"temperature": 29.36077601576784}
INFO:root:send message: {"temperature": 29.45619777324802}
INFO:root:send message: {"temperature": 29.5514831751325}
INFO:root:send message: {"temperature": 29.64663241627042}
INFO:root:send message: {"temperature": 29.741645691232492}
INFO:root:send message: {"temperature": 29.83652319431141}
INFO:root:send message: {"temperature": 29.9312651195222}
INFO:root:send message: {"temperature": 30.025871660602665}
INFO:root:send message: {"temperature": 30.120343011013745}
INFO:root:send message: {"temperature": 30.21467936393995}
INFO:root:send message: {"temperature": 30.30888091228971}
INFO:root:send message: {"temperature": 30.402947848695817}
INFO:root:send message: {"temperature": 30.49688036551576}
INFO:root:send message: {"temperature": 30.590678654832203}
INFO:root:send message: {"temperature": 30.68434290845327}
INFO:root:send message: {"temperature": 30.777873317913055}
INFO:root:send message: {"temperature": 30.871270074471916}
INFO:root:send message: {"temperature": 30.9645333691169}
INFO:root:send message: {"temperature": 31.05766339256216}
INFO:root:send message: {"temperature": 31.150660335249313}
INFO:root:send message: {"temperature": 31.24352438734785}
INFO:root:send message: {"temperature": 31.336255738755483}
INFO:root:send message: {"temperature": 31.428854579098594}
INFO:root:send message: {"temperature": 31.521321097732596}
INFO:root:send message: {"temperature": 31.61365548374228}
INFO:root:send message: {"temperature": 31.70585792594229}
INFO:root:send message: {"temperature": 31.79792861287742}
INFO:root:send message: {"temperature": 31.88986773282305}
INFO:root:send message: {"temperature": 31.98167547378551}
INFO:root:send message: {"temperature": 32.0733520235025}
INFO:root:send message: {"temperature": 32.16489756944342}
INFO:root:send message: {"temperature": 32.256312298809775}
INFO:root:send message: {"temperature": 32.3475963985356}
INFO:root:send message: {"temperature": 32.43875005528777}
INFO:root:send message: {"temperature": 32.52977345546643}
INFO:root:send message: {"temperature": 32.620666785205366}
INFO:root:send message: {"temperature": 32.71143023037237}
INFO:root:send message: {"temperature": 32.80206397656966}
INFO:root:send message: {"temperature": 32.8925682091342}
INFO:root:send message: {"temperature": 32.982943113138134}
INFO:root:send message: {"temperature": 33.07318887338913}
INFO:root:send message: {"temperature": 33.16330567443079}
INFO:root:send message: {"temperature": 33.25329370054296}
INFO:root:send message: {"temperature": 33.34315313574221}
INFO:root:send message: {"temperature": 33.432884163782134}
INFO:root:send message: {"temperature": 33.522486968153736}
INFO:root:send message: {"temperature": 33.61196173208582}
INFO:root:send message: {"temperature": 33.70130863854535}
INFO:root:send message: {"temperature": 33.79052787023786}
INFO:root:send message: {"temperature": 33.8796196096078}
INFO:root:send message: {"temperature": 33.96858403883887}
INFO:root:send message: {"temperature": 34.057421339854486}
INFO:root:send message: {"temperature": 34.146131694318065}
INFO:root:send message: {"temperature": 34.23471528363344}
INFO:root:send message: {"temperature": 34.32317228894523}
INFO:root:send message: {"temperature": 34.4115028911392}
INFO:root:send message: {"temperature": 34.49970727084261}
INFO:root:send message: {"temperature": 34.587785608424646}
INFO:root:send message: {"temperature": 34.675738083996734}
INFO:root:send message: {"temperature": 34.763564877412904}
INFO:root:send message: {"temperature": 34.8512661682702}
INFO:root:send message: {"temperature": 34.938842135909034}
INFO:root:send message: {"temperature": 35.026292959413524}
INFO:root:send message: {"temperature": 35.11361881761189}
INFO:root:send message: {"temperature": 35.20081988907682}
INFO:root:send message: {"temperature": 35.2878963521258}
INFO:root:send message: {"temperature": 35.374848384821526}
INFO:root:send message: {"temperature": 35.461676164972246}
INFO:root:send message: {"temperature": 35.54837987013211}
INFO:root:send message: {"temperature": 35.63495967760155}
INFO:root:send message: {"temperature": 35.72141576442766}
INFO:root:send message: {"temperature": 35.80774830740451}
INFO:root:send message: {"temperature": 35.89395748307355}
INFO:root:send message: {"temperature": 35.98004346772395}
INFO:root:send message: {"temperature": 36.066006437392986}
INFO:root:send message: {"temperature": 36.15184656786635}
ERROR:root:signal_handler
INFO:root:stop
ERROR:root:signal_handler
ERROR:root:signal_handler
ERROR:root:signal_handler
ERROR:root:signal_handler
